[0.737s] Invoking command in '/home/paulstefandidraga/catheter_ws/src/py_srvcli': DEBUGINFOD_URLS=https://debuginfod.ubuntu.com PYTHONPATH=/home/paulstefandidraga/catheter_ws/build/py_srvcli/prefix_override:/usr/lib/python3/dist-packages/colcon_core/task/python/colcon_distutils_commands:/home/paulstefandidraga/catheter_ws/install/py_srvcli/lib/python3.12/site-packages:${PYTHONPATH} /usr/bin/python3 -W ignore:setup.py install is deprecated -W ignore:easy_install command is deprecated setup.py egg_info --egg-base ../../build/py_srvcli build --build-base /home/paulstefandidraga/catheter_ws/build/py_srvcli/build install --record /home/paulstefandidraga/catheter_ws/build/py_srvcli/install.log --single-version-externally-managed install_data
[0.976s] running egg_info
[0.977s] creating ../../build/py_srvcli/py_srvcli.egg-info
[0.994s] writing ../../build/py_srvcli/py_srvcli.egg-info/PKG-INFO
[0.994s] writing dependency_links to ../../build/py_srvcli/py_srvcli.egg-info/dependency_links.txt
[0.994s] writing entry points to ../../build/py_srvcli/py_srvcli.egg-info/entry_points.txt
[0.995s] writing requirements to ../../build/py_srvcli/py_srvcli.egg-info/requires.txt
[0.995s] writing top-level names to ../../build/py_srvcli/py_srvcli.egg-info/top_level.txt
[0.995s] writing manifest file '../../build/py_srvcli/py_srvcli.egg-info/SOURCES.txt'
[1.036s] reading manifest file '../../build/py_srvcli/py_srvcli.egg-info/SOURCES.txt'
[1.036s] adding license file 'LICENSE'
[1.037s] writing manifest file '../../build/py_srvcli/py_srvcli.egg-info/SOURCES.txt'
[1.037s] running build
[1.037s] running build_py
[1.037s] creating /home/paulstefandidraga/catheter_ws/build/py_srvcli/build
[1.037s] creating /home/paulstefandidraga/catheter_ws/build/py_srvcli/build/lib
[1.037s] creating /home/paulstefandidraga/catheter_ws/build/py_srvcli/build/lib/py_srvcli
[1.037s] copying py_srvcli/client_member_function.py -> /home/paulstefandidraga/catheter_ws/build/py_srvcli/build/lib/py_srvcli
[1.037s] copying py_srvcli/service_member_function.py -> /home/paulstefandidraga/catheter_ws/build/py_srvcli/build/lib/py_srvcli
[1.037s] copying py_srvcli/__init__.py -> /home/paulstefandidraga/catheter_ws/build/py_srvcli/build/lib/py_srvcli
[1.038s] running install
[1.043s] running install_lib
[1.062s] creating /home/paulstefandidraga/catheter_ws/install/py_srvcli/lib/python3.12/site-packages/py_srvcli
[1.062s] copying /home/paulstefandidraga/catheter_ws/build/py_srvcli/build/lib/py_srvcli/client_member_function.py -> /home/paulstefandidraga/catheter_ws/install/py_srvcli/lib/python3.12/site-packages/py_srvcli
[1.062s] copying /home/paulstefandidraga/catheter_ws/build/py_srvcli/build/lib/py_srvcli/service_member_function.py -> /home/paulstefandidraga/catheter_ws/install/py_srvcli/lib/python3.12/site-packages/py_srvcli
[1.062s] copying /home/paulstefandidraga/catheter_ws/build/py_srvcli/build/lib/py_srvcli/__init__.py -> /home/paulstefandidraga/catheter_ws/install/py_srvcli/lib/python3.12/site-packages/py_srvcli
[1.062s] byte-compiling /home/paulstefandidraga/catheter_ws/install/py_srvcli/lib/python3.12/site-packages/py_srvcli/client_member_function.py to client_member_function.cpython-312.pyc
[1.063s] byte-compiling /home/paulstefandidraga/catheter_ws/install/py_srvcli/lib/python3.12/site-packages/py_srvcli/service_member_function.py to service_member_function.cpython-312.pyc
[1.063s] byte-compiling /home/paulstefandidraga/catheter_ws/install/py_srvcli/lib/python3.12/site-packages/py_srvcli/__init__.py to __init__.cpython-312.pyc
[1.064s] running install_data
[1.064s] creating /home/paulstefandidraga/catheter_ws/install/py_srvcli/share/ament_index
[1.064s] creating /home/paulstefandidraga/catheter_ws/install/py_srvcli/share/ament_index/resource_index
[1.064s] creating /home/paulstefandidraga/catheter_ws/install/py_srvcli/share/ament_index/resource_index/packages
[1.064s] copying resource/py_srvcli -> /home/paulstefandidraga/catheter_ws/install/py_srvcli/share/ament_index/resource_index/packages
[1.064s] copying package.xml -> /home/paulstefandidraga/catheter_ws/install/py_srvcli/share/py_srvcli
[1.064s] running install_egg_info
[1.083s] Copying ../../build/py_srvcli/py_srvcli.egg-info to /home/paulstefandidraga/catheter_ws/install/py_srvcli/lib/python3.12/site-packages/py_srvcli-0.0.0-py3.12.egg-info
[1.084s] running install_scripts
[1.203s] Installing client script to /home/paulstefandidraga/catheter_ws/install/py_srvcli/lib/py_srvcli
[1.204s] Installing service script to /home/paulstefandidraga/catheter_ws/install/py_srvcli/lib/py_srvcli
[1.204s] writing list of installed files to '/home/paulstefandidraga/catheter_ws/build/py_srvcli/install.log'
[1.236s] Invoked command in '/home/paulstefandidraga/catheter_ws/src/py_srvcli' returned '0': DEBUGINFOD_URLS=https://debuginfod.ubuntu.com PYTHONPATH=/home/paulstefandidraga/catheter_ws/build/py_srvcli/prefix_override:/usr/lib/python3/dist-packages/colcon_core/task/python/colcon_distutils_commands:/home/paulstefandidraga/catheter_ws/install/py_srvcli/lib/python3.12/site-packages:${PYTHONPATH} /usr/bin/python3 -W ignore:setup.py install is deprecated -W ignore:easy_install command is deprecated setup.py egg_info --egg-base ../../build/py_srvcli build --build-base /home/paulstefandidraga/catheter_ws/build/py_srvcli/build install --record /home/paulstefandidraga/catheter_ws/build/py_srvcli/install.log --single-version-externally-managed install_data
