[0.806s] Invoking command in '/home/paulstefandidraga/catheter_ws/src/py_pubsub': DEBUGINFOD_URLS=https://debuginfod.ubuntu.com PYTHONPATH=/home/paulstefandidraga/catheter_ws/build/py_pubsub/prefix_override:/usr/lib/python3/dist-packages/colcon_core/task/python/colcon_distutils_commands:/home/paulstefandidraga/catheter_ws/install/py_pubsub/lib/python3.12/site-packages:${PYTHONPATH} /usr/bin/python3 -W ignore:setup.py install is deprecated -W ignore:easy_install command is deprecated setup.py egg_info --egg-base ../../build/py_pubsub build --build-base /home/paulstefandidraga/catheter_ws/build/py_pubsub/build install --record /home/paulstefandidraga/catheter_ws/build/py_pubsub/install.log --single-version-externally-managed install_data
[1.065s] running egg_info
[1.065s] creating ../../build/py_pubsub/py_pubsub.egg-info
[1.084s] writing ../../build/py_pubsub/py_pubsub.egg-info/PKG-INFO
[1.084s] writing dependency_links to ../../build/py_pubsub/py_pubsub.egg-info/dependency_links.txt
[1.085s] writing entry points to ../../build/py_pubsub/py_pubsub.egg-info/entry_points.txt
[1.085s] writing requirements to ../../build/py_pubsub/py_pubsub.egg-info/requires.txt
[1.085s] writing top-level names to ../../build/py_pubsub/py_pubsub.egg-info/top_level.txt
[1.085s] writing manifest file '../../build/py_pubsub/py_pubsub.egg-info/SOURCES.txt'
[1.124s] reading manifest file '../../build/py_pubsub/py_pubsub.egg-info/SOURCES.txt'
[1.125s] adding license file 'LICENSE'
[1.125s] writing manifest file '../../build/py_pubsub/py_pubsub.egg-info/SOURCES.txt'
[1.125s] running build
[1.125s] running build_py
[1.125s] creating /home/paulstefandidraga/catheter_ws/build/py_pubsub/build
[1.125s] creating /home/paulstefandidraga/catheter_ws/build/py_pubsub/build/lib
[1.125s] creating /home/paulstefandidraga/catheter_ws/build/py_pubsub/build/lib/py_pubsub
[1.125s] copying py_pubsub/publisher_member_function.py -> /home/paulstefandidraga/catheter_ws/build/py_pubsub/build/lib/py_pubsub
[1.126s] copying py_pubsub/subscriber_member_function.py -> /home/paulstefandidraga/catheter_ws/build/py_pubsub/build/lib/py_pubsub
[1.126s] copying py_pubsub/__init__.py -> /home/paulstefandidraga/catheter_ws/build/py_pubsub/build/lib/py_pubsub
[1.126s] running install
[1.133s] running install_lib
[1.153s] creating /home/paulstefandidraga/catheter_ws/install/py_pubsub/lib/python3.12/site-packages/py_pubsub
[1.153s] copying /home/paulstefandidraga/catheter_ws/build/py_pubsub/build/lib/py_pubsub/publisher_member_function.py -> /home/paulstefandidraga/catheter_ws/install/py_pubsub/lib/python3.12/site-packages/py_pubsub
[1.153s] copying /home/paulstefandidraga/catheter_ws/build/py_pubsub/build/lib/py_pubsub/subscriber_member_function.py -> /home/paulstefandidraga/catheter_ws/install/py_pubsub/lib/python3.12/site-packages/py_pubsub
[1.153s] copying /home/paulstefandidraga/catheter_ws/build/py_pubsub/build/lib/py_pubsub/__init__.py -> /home/paulstefandidraga/catheter_ws/install/py_pubsub/lib/python3.12/site-packages/py_pubsub
[1.153s] byte-compiling /home/paulstefandidraga/catheter_ws/install/py_pubsub/lib/python3.12/site-packages/py_pubsub/publisher_member_function.py to publisher_member_function.cpython-312.pyc
[1.154s] byte-compiling /home/paulstefandidraga/catheter_ws/install/py_pubsub/lib/python3.12/site-packages/py_pubsub/subscriber_member_function.py to subscriber_member_function.cpython-312.pyc
[1.154s] byte-compiling /home/paulstefandidraga/catheter_ws/install/py_pubsub/lib/python3.12/site-packages/py_pubsub/__init__.py to __init__.cpython-312.pyc
[1.154s] running install_data
[1.154s] creating /home/paulstefandidraga/catheter_ws/install/py_pubsub/share/ament_index
[1.154s] creating /home/paulstefandidraga/catheter_ws/install/py_pubsub/share/ament_index/resource_index
[1.155s] creating /home/paulstefandidraga/catheter_ws/install/py_pubsub/share/ament_index/resource_index/packages
[1.155s] copying resource/py_pubsub -> /home/paulstefandidraga/catheter_ws/install/py_pubsub/share/ament_index/resource_index/packages
[1.155s] copying package.xml -> /home/paulstefandidraga/catheter_ws/install/py_pubsub/share/py_pubsub
[1.155s] running install_egg_info
[1.175s] Copying ../../build/py_pubsub/py_pubsub.egg-info to /home/paulstefandidraga/catheter_ws/install/py_pubsub/lib/python3.12/site-packages/py_pubsub-0.0.0-py3.12.egg-info
[1.176s] running install_scripts
[1.307s] Installing listener script to /home/paulstefandidraga/catheter_ws/install/py_pubsub/lib/py_pubsub
[1.307s] Installing talker script to /home/paulstefandidraga/catheter_ws/install/py_pubsub/lib/py_pubsub
[1.307s] writing list of installed files to '/home/paulstefandidraga/catheter_ws/build/py_pubsub/install.log'
[1.341s] Invoked command in '/home/paulstefandidraga/catheter_ws/src/py_pubsub' returned '0': DEBUGINFOD_URLS=https://debuginfod.ubuntu.com PYTHONPATH=/home/paulstefandidraga/catheter_ws/build/py_pubsub/prefix_override:/usr/lib/python3/dist-packages/colcon_core/task/python/colcon_distutils_commands:/home/paulstefandidraga/catheter_ws/install/py_pubsub/lib/python3.12/site-packages:${PYTHONPATH} /usr/bin/python3 -W ignore:setup.py install is deprecated -W ignore:easy_install command is deprecated setup.py egg_info --egg-base ../../build/py_pubsub build --build-base /home/paulstefandidraga/catheter_ws/build/py_pubsub/build install --record /home/paulstefandidraga/catheter_ws/build/py_pubsub/install.log --single-version-externally-managed install_data
